:10000000C000F1007BD5228773975222222222F86A
:100010000AA7F800B7C00030D40004F8F4ACF80127
:10002000BCD40045D40115F8F4ACF801BCD40045AB
:1000300087FF0ACA003C977F00C2001812121212F2
:1000400042B742A7D52286739652228773975222CF
:100050002222228CA79CB7F801A6F800B6C0006443
:10006000D4021C1622875286F712CA0060229752C9
:10007000967712CA00601212121242B742A742B615
:0300800042A6D5C0
:1000C0008CFCDFAE93BE0EA8F803AEF800BEEE8D3A
:1000D00032D788F15E30DC88FBFFF25E64E2D50146
:0700E000020408102040801B
:1000E800F800AFBF36EF1FD5D5F801A4F802B4F871
:1000F80012A5F802B5F8FFA2F87FB2E2F80BA3F850
:1001080001B3D3D40006C0010EDEAD7BD57AD5D4B9
:10011800024A8CAF9CBFD5D402B08CAF9CBFD58CA3
:04012800225264D526
:10020000D3E2862273965283A693B646B346A330B2
:1002100000D386A396B342B642A63011F824FF015C
:100220003A1ED5F800AFBF9DF6BD8D76AD3B3B22A3
:100230008C528FF4AF9C529F74BF129D3A418D3205
:10024000498CFEAC9C7EBC3027D5228A739A738B76
:10025000738CAA9CBAF800AFBF8DAE9DBE8D528A3A
:10026000F7AB9D529A773B81BA8BAA8D528AF7AB36
:100270009D529A773B81BA8BAA8DFEAD9D7EBD3093
:100280006B8D528CF7AB9D529C773B90BC8BAC1F17
:100290009EF73A9A8D528EF732A88FFEAF9F7EBF9F
:1002A0009DF6BD8D76AD30811242AB42BA42AAD5E1
:1002B000229C52FE3BBF8CFBFFAC9CFBFFBC1C9DF9
:1002C000F3529DFE3BCF8DFBFFAD9DFBFFBD1DD4CB
:1002D000024A42FE3BDF8FFBFFAF9FFBFFBF1FD5F4
:10030000F820AEF800ADF800BDF800ACF800BC89EC
:10031000FEA9997EB9887EA8987EB88D7EAD9D7E17
:10032000BD8C7EAC9C7EBC228B528DF7AD9B529DCA
:1003300077BD8A528C77AC9A529C77BC12FA803285
:100340005D89FAFEA9228B528DF4AD9B529D74BD3E
:100350008A528C74AC9A529C74BC12306189F90137
:10036000A92E8E3A0FD5F800ADF800BDF800ACF814
:1003700000BCF820AEFC0089FA013B963AAE228B15
:10038000528DF4AD9B529D74BD8A528C74AC9A52BE
:100390009C74BC1230AE32AE228B528DF7AD9B52A4
:1003A0009D77BD8A528C77AC9A529C77BC129CFE8A
:1003B0009C76BC8C76AC9D76BD8D76AD9876B888F3
:0D03C00076A89976B98976A92E8E3A77D560
:10040000229852FE3B2689FBFFA999FBFFB988FB86
:10041000FFA898FBFFB889FC01A9997C00B9887CEA
:1004200000A8987C00B89AF3529AFE3B4D8BFBFFD4
:10043000AB9BFBFFBB8AFBFFAA9AFBFFBA8BFC01BD
:10044000AB9B7C00BB8A7C00AA9A7C00BAD40300D8
:1004500042FE3B7489FBFFA999FBFFB988FBFFA80B
:1004600098FBFFB889FC01A9997C00B9887C00A899
:10047000987C00B8D582FC06AE927C00BE4EB80EC9
:10048000A882FC08AE927C00BE4EBA0EAA88AF9835
:10049000BFF80BA9F800581829893A948FA89FB87B
:1004A000F820AF9CFE33B88DFEAD9D7EBD8C7EAC3A
:1004B0009C7EBC2F8F3AA31FF80AA908FF053BC3F7
:1004C000FC08581829893ABB8DFEAD9D7EBD8C7EF7
:1004D000AC9C7EBCF80AA928087EBFFA0F589FFF83
:1004E0001029893AD72F8F3AB888AF98BFF80AA950
:1004F00008F930581829893AF082FC09AE927C003C
:10050000BEEEF80AF7E2A90FFF303A111F29893A27
:1005100007D5D403008DA99DB98CA89CB8D5D40467
:0A052000008DA99DB98CA89CB8D5E8
:100540008C225265D522F8D3738CFA07325CF96895
:100550007382A892B818D812AFF800BF1212D52231
:10056000F8D37382A892B88CFA07F960738D52D8C9
:030570001212D58F
:00000001FF
